<?xml version="1.0" encoding="UTF-8"?>
<!-- Generated by org.testng.reporters.JUnitXMLReporter -->
<testsuite ignored="0" hostname="LSSLAP-025" failures="0" tests="1" name="CrossBrowserTest" time="0.095" errors="0" timestamp="2025-04-07T17:55:43 IST">
  <testcase classname="Base.BaseTest" name="@BeforeMethod setUp" time="0.029">
    <failure type="java.util.NoSuchElementException" message="No value present">
      <![CDATA[java.util.NoSuchElementException: No value present
at java.base/java.util.Optional.get(Optional.java:143)
at io.github.bonigarcia.wdm.WebDriverManager.<init>(WebDriverManager.java:225)
at io.github.bonigarcia.wdm.managers.ChromeDriverManager.<init>(ChromeDriverManager.java:51)
at io.github.bonigarcia.wdm.WebDriverManager.chromedriver(WebDriverManager.java:236)
at Base.BaseTest.setUp(BaseTest.java:22)
at java.base/java.util.ArrayList.forEach(ArrayList.java:1597)
... Removed 29 stack frames]]>
    </failure>
  </testcase> <!-- @BeforeMethod setUp -->
  <testcase classname="tests.InitiativeTest" name="loginAndVerifyInitiativePage" time="0.001">
    <skipped/>
  </testcase> <!-- loginAndVerifyInitiativePage -->
</testsuite> <!-- CrossBrowserTest -->
