<?xml version="1.0" encoding="UTF-8"?>
<!-- Generated by org.testng.reporters.JUnitXMLReporter -->
<testsuite ignored="0" hostname="LSSLAP-025" failures="0" tests="4" name="Firefox Test" time="0.4" errors="0" timestamp="2025-04-09T19:07:45 IST">
  <testcase classname="Base.BaseTest" name="@BeforeMethod setUp" time="-1.744205865185E9">
    <failure type="org.testng.TestNGException" message="
Parameter &amp;apos;browser&amp;apos; is required by BeforeMethod on method setUp but has not been marked @Optional or defined
in C:\Users\sayali.sutar\eclipse-workspace\InitiativeAutomationFramework\testng.xml">
      <![CDATA[org.testng.TestNGException: 
Parameter 'browser' is required by BeforeMethod on method setUp but has not been marked @Optional or defined
in C:\Users\sayali.sutar\eclipse-workspace\InitiativeAutomationFramework\testng.xml
at java.base/java.util.ArrayList.forEach(ArrayList.java:1597)
... Removed 28 stack frames]]>
    </failure>
  </testcase> <!-- @BeforeMethod setUp -->
  <testcase classname="Base.BaseTest" name="@AfterMethod tearDown" time="0.0">
    <skipped/>
  </testcase> <!-- @AfterMethod tearDown -->
  <testcase classname="Base.BaseTest" name="@BeforeMethod setUp" time="0.0">
    <skipped/>
  </testcase> <!-- @BeforeMethod setUp -->
  <testcase classname="Base.BaseTest" name="@AfterMethod tearDown" time="0.0">
    <skipped/>
  </testcase> <!-- @AfterMethod tearDown -->
  <testcase classname="Base.BaseTest" name="@BeforeMethod setUp" time="0.0">
    <skipped/>
  </testcase> <!-- @BeforeMethod setUp -->
  <testcase classname="Base.BaseTest" name="@AfterMethod tearDown" time="0.0">
    <skipped/>
  </testcase> <!-- @AfterMethod tearDown -->
  <testcase classname="Base.BaseTest" name="@BeforeMethod setUp" time="0.0">
    <skipped/>
  </testcase> <!-- @BeforeMethod setUp -->
  <testcase classname="Base.BaseTest" name="@AfterMethod tearDown" time="0.0">
    <skipped/>
  </testcase> <!-- @AfterMethod tearDown -->
  <testcase classname="tests.InitiativeTest" name="loginAndVerifyInitiativePageNavigation" time="0.0">
    <skipped/>
  </testcase> <!-- loginAndVerifyInitiativePageNavigation -->
  <testcase classname="tests.InitiativeTest" name="verifyInitiativePageHeader" time="0.0">
    <skipped/>
  </testcase> <!-- verifyInitiativePageHeader -->
  <testcase classname="tests.InitiativeTest" name="verifyFiltersAndSearch" time="0.001">
    <skipped/>
  </testcase> <!-- verifyFiltersAndSearch -->
  <testcase classname="tests.InitiativeTest" name="verifyDraftRecordCount" time="0.0">
    <skipped/>
  </testcase> <!-- verifyDraftRecordCount -->
</testsuite> <!-- Firefox Test -->
