{"uuid":"7717d1fa-992c-4af5-8ff2-e1c4fd9cd8b5","historyId":"7918d8d427d4b3e007712f106847b5e2","fullName":"tests.InitiativeTest.TC_003","labels":[{"name":"package","value":"tests.InitiativeTest"},{"name":"testClass","value":"tests.InitiativeTest"},{"name":"testMethod","value":"TC_003"},{"name":"parentSuite","value":"Default suite"},{"name":"suite","value":"Default test"},{"name":"subSuite","value":"tests.InitiativeTest"},{"name":"host","value":"LSSLAP-032"},{"name":"thread","value":"19620@LSSLAP-032.main(1)"},{"name":"framework","value":"testng"},{"name":"language","value":"java"},{"name":"story","value":"Initiative Creation"},{"name":"feature","value":"Initiative Operations"},{"name":"epic","value":"Initiative Management"},{"name":"severity","value":"critical"}],"links":[],"name":"TC_003","status":"broken","statusDetails":{"known":false,"muted":false,"flaky":false,"message":"Failed to type in modal: Additional Comments","trace":"java.lang.RuntimeException: Failed to type in modal: Additional Comments\r\n\tat Pages.InitiativePage.typeInModal(InitiativePage.java:1811)\r\n\tat tests.InitiativeTest.handleModalAsOverlay(InitiativeTest.java:290)\r\n\tat tests.InitiativeTest.handleSubmitModalWithWindowHandling(InitiativeTest.java:220)\r\n\tat tests.InitiativeTest.TC_003(InitiativeTest.java:139)\r\n\tat java.base/jdk.internal.reflect.DirectMethodHandleAccessor.invoke(DirectMethodHandleAccessor.java:103)\r\n\tat java.base/java.lang.reflect.Method.invoke(Method.java:580)\r\n\tat org.testng.internal.invokers.MethodInvocationHelper.invokeMethod(MethodInvocationHelper.java:141)\r\n\tat org.testng.internal.invokers.TestInvoker.invokeMethod(TestInvoker.java:686)\r\n\tat org.testng.internal.invokers.TestInvoker.invokeTestMethod(TestInvoker.java:230)\r\n\tat org.testng.internal.invokers.MethodRunner.runInSequence(MethodRunner.java:63)\r\n\tat org.testng.internal.invokers.TestInvoker$MethodInvocationAgent.invoke(TestInvoker.java:992)\r\n\tat org.testng.internal.invokers.TestInvoker.invokeTestMethods(TestInvoker.java:203)\r\n\tat org.testng.internal.invokers.TestMethodWorker.invokeTestMethods(TestMethodWorker.java:154)\r\n\tat org.testng.internal.invokers.TestMethodWorker.run(TestMethodWorker.java:134)\r\n\tat java.base/java.util.ArrayList.forEach(ArrayList.java:1596)\r\n\tat org.testng.TestRunner.privateRun(TestRunner.java:739)\r\n\tat org.testng.TestRunner.run(TestRunner.java:614)\r\n\tat org.testng.SuiteRunner.runTest(SuiteRunner.java:421)\r\n\tat org.testng.SuiteRunner.runSequentially(SuiteRunner.java:413)\r\n\tat org.testng.SuiteRunner.privateRun(SuiteRunner.java:373)\r\n\tat org.testng.SuiteRunner.run(SuiteRunner.java:312)\r\n\tat org.testng.SuiteRunnerWorker.runSuite(SuiteRunnerWorker.java:52)\r\n\tat org.testng.SuiteRunnerWorker.run(SuiteRunnerWorker.java:95)\r\n\tat org.testng.TestNG.runSuitesSequentially(TestNG.java:1274)\r\n\tat org.testng.TestNG.runSuitesLocally(TestNG.java:1208)\r\n\tat org.testng.TestNG.runSuites(TestNG.java:1112)\r\n\tat org.testng.TestNG.run(TestNG.java:1079)\r\n\tat org.testng.remote.AbstractRemoteTestNG.run(AbstractRemoteTestNG.java:115)\r\n\tat org.testng.remote.RemoteTestNG.initAndRun(RemoteTestNG.java:293)\r\n\tat org.testng.remote.RemoteTestNG.main(RemoteTestNG.java:91)\r\nCaused by: org.openqa.selenium.TimeoutException: Expected condition failed: waiting for visibility of element located by By.xpath: //div[@class='ms-TextField-fieldGroup fieldGroup-204'] (tried for 40 second(s) with 500 milliseconds interval)\nBuild info: version: '4.25.0', revision: '8a8aea2337'\nSystem info: os.name: 'Windows 11', os.arch: 'amd64', os.version: '10.0', java.version: '21.0.8'\nDriver info: org.openqa.selenium.edge.EdgeDriver\nCapabilities {acceptInsecureCerts: false, browserName: MicrosoftEdge, browserVersion: 142.0.3595.53, fedcm:accounts: true, ms:edgeOptions: {debuggerAddress: localhost:59256}, msedge: {msedgedriverVersion: 141.0.3537.57 (edf1b001e567..., userDataDir: C:\\Users\\SAYALI~1.SUT\\AppDa...}, networkConnectionEnabled: false, pageLoadStrategy: normal, platformName: windows, proxy: Proxy(), se:cdp: ws://localhost:59256/devtoo..., se:cdpVersion: 142.0.3595.53, setWindowRect: true, strictFileInteractability: false, timeouts: {implicit: 0, pageLoad: 300000, script: 30000}, unhandledPromptBehavior: dismiss and notify, webauthn:extension:credBlob: true, webauthn:extension:largeBlob: true, webauthn:extension:minPinLength: true, webauthn:extension:prf: true, webauthn:virtualAuthenticators: true}\nSession ID: 624bb0fe34c3c956a1bcc7d77d9a7fe0\r\n\tat org.openqa.selenium.support.ui.WebDriverWait.timeoutException(WebDriverWait.java:84)\r\n\tat org.openqa.selenium.support.ui.FluentWait.until(FluentWait.java:228)\r\n\tat Actions.ActionEngine.waitForElementToBeVisible(ActionEngine.java:108)\r\n\tat Pages.InitiativePage.setAdditionalNotes(InitiativePage.java:284)\r\n\tat Pages.InitiativePage.typeInModal(InitiativePage.java:1785)\r\n\t... 29 more\r\n"},"stage":"finished","description":"TC_003 - Create New Initiative with Window Handle Management","steps":[{"name":"Store Parent Window","status":"passed","stage":"finished","steps":[],"attachments":[],"parameters":[],"start":1762327878308,"stop":1762327878332},{"name":"Navigate to Initiative Page","status":"passed","stage":"finished","steps":[],"attachments":[],"parameters":[],"start":1762327878332,"stop":1762327891996},{"name":"Click Initiative Before Add","status":"passed","stage":"finished","steps":[],"attachments":[],"parameters":[],"start":1762327891996,"stop":1762327895150},{"name":"Click Add Button","status":"passed","stage":"finished","steps":[],"attachments":[],"parameters":[],"start":1762327895150,"stop":1762327895454},{"name":"Select Nature of Initiative: Full Change Lifecycle","status":"passed","stage":"finished","steps":[],"attachments":[],"parameters":[{"name":"noi","value":"Full Change Lifecycle"}],"start":1762327895458,"stop":1762327896145},{"name":"Fill Initiative Details - Title: Automation Testing Demo AI_25, BG: Tata Group, OU: Tata Motors","status":"passed","stage":"finished","steps":[],"attachments":[],"parameters":[{"name":"title","value":"Automation Testing Demo AI_25"},{"name":"description","value":"Automation Testing Demo Description8"},{"name":"bg","value":"Tata Group"},{"name":"ou","value":"Tata Motors"},{"name":"startdate","value":"Thu Sep 04 2025"},{"name":"enddate","value":"Tue Nov 04 2025"}],"start":1762327896145,"stop":1762327917418},{"name":"Save Draft and Submit Initiative","status":"passed","stage":"finished","steps":[],"attachments":[],"parameters":[],"start":1762327917418,"stop":1762327939429},{"name":"Handle Submit Modal with Window Handling","status":"broken","statusDetails":{"known":false,"muted":false,"flaky":false,"message":"Failed to type in modal: Additional Comments","trace":"java.lang.RuntimeException: Failed to type in modal: Additional Comments\r\n\tat Pages.InitiativePage.typeInModal(InitiativePage.java:1811)\r\n\tat tests.InitiativeTest.handleModalAsOverlay(InitiativeTest.java:290)\r\n\tat tests.InitiativeTest.handleSubmitModalWithWindowHandling(InitiativeTest.java:220)\r\n\tat tests.InitiativeTest.TC_003(InitiativeTest.java:139)\r\n\tat java.base/jdk.internal.reflect.DirectMethodHandleAccessor.invoke(DirectMethodHandleAccessor.java:103)\r\n\tat java.base/java.lang.reflect.Method.invoke(Method.java:580)\r\n\tat org.testng.internal.invokers.MethodInvocationHelper.invokeMethod(MethodInvocationHelper.java:141)\r\n\tat org.testng.internal.invokers.TestInvoker.invokeMethod(TestInvoker.java:686)\r\n\tat org.testng.internal.invokers.TestInvoker.invokeTestMethod(TestInvoker.java:230)\r\n\tat org.testng.internal.invokers.MethodRunner.runInSequence(MethodRunner.java:63)\r\n\tat org.testng.internal.invokers.TestInvoker$MethodInvocationAgent.invoke(TestInvoker.java:992)\r\n\tat org.testng.internal.invokers.TestInvoker.invokeTestMethods(TestInvoker.java:203)\r\n\tat org.testng.internal.invokers.TestMethodWorker.invokeTestMethods(TestMethodWorker.java:154)\r\n\tat org.testng.internal.invokers.TestMethodWorker.run(TestMethodWorker.java:134)\r\n\tat java.base/java.util.ArrayList.forEach(ArrayList.java:1596)\r\n\tat org.testng.TestRunner.privateRun(TestRunner.java:739)\r\n\tat org.testng.TestRunner.run(TestRunner.java:614)\r\n\tat org.testng.SuiteRunner.runTest(SuiteRunner.java:421)\r\n\tat org.testng.SuiteRunner.runSequentially(SuiteRunner.java:413)\r\n\tat org.testng.SuiteRunner.privateRun(SuiteRunner.java:373)\r\n\tat org.testng.SuiteRunner.run(SuiteRunner.java:312)\r\n\tat org.testng.SuiteRunnerWorker.runSuite(SuiteRunnerWorker.java:52)\r\n\tat org.testng.SuiteRunnerWorker.run(SuiteRunnerWorker.java:95)\r\n\tat org.testng.TestNG.runSuitesSequentially(TestNG.java:1274)\r\n\tat org.testng.TestNG.runSuitesLocally(TestNG.java:1208)\r\n\tat org.testng.TestNG.runSuites(TestNG.java:1112)\r\n\tat org.testng.TestNG.run(TestNG.java:1079)\r\n\tat org.testng.remote.AbstractRemoteTestNG.run(AbstractRemoteTestNG.java:115)\r\n\tat org.testng.remote.RemoteTestNG.initAndRun(RemoteTestNG.java:293)\r\n\tat org.testng.remote.RemoteTestNG.main(RemoteTestNG.java:91)\r\nCaused by: org.openqa.selenium.TimeoutException: Expected condition failed: waiting for visibility of element located by By.xpath: //div[@class='ms-TextField-fieldGroup fieldGroup-204'] (tried for 40 second(s) with 500 milliseconds interval)\nBuild info: version: '4.25.0', revision: '8a8aea2337'\nSystem info: os.name: 'Windows 11', os.arch: 'amd64', os.version: '10.0', java.version: '21.0.8'\nDriver info: org.openqa.selenium.edge.EdgeDriver\nCapabilities {acceptInsecureCerts: false, browserName: MicrosoftEdge, browserVersion: 142.0.3595.53, fedcm:accounts: true, ms:edgeOptions: {debuggerAddress: localhost:59256}, msedge: {msedgedriverVersion: 141.0.3537.57 (edf1b001e567..., userDataDir: C:\\Users\\SAYALI~1.SUT\\AppDa...}, networkConnectionEnabled: false, pageLoadStrategy: normal, platformName: windows, proxy: Proxy(), se:cdp: ws://localhost:59256/devtoo..., se:cdpVersion: 142.0.3595.53, setWindowRect: true, strictFileInteractability: false, timeouts: {implicit: 0, pageLoad: 300000, script: 30000}, unhandledPromptBehavior: dismiss and notify, webauthn:extension:credBlob: true, webauthn:extension:largeBlob: true, webauthn:extension:minPinLength: true, webauthn:extension:prf: true, webauthn:virtualAuthenticators: true}\nSession ID: 624bb0fe34c3c956a1bcc7d77d9a7fe0\r\n\tat org.openqa.selenium.support.ui.WebDriverWait.timeoutException(WebDriverWait.java:84)\r\n\tat org.openqa.selenium.support.ui.FluentWait.until(FluentWait.java:228)\r\n\tat Actions.ActionEngine.waitForElementToBeVisible(ActionEngine.java:108)\r\n\tat Pages.InitiativePage.setAdditionalNotes(InitiativePage.java:284)\r\n\tat Pages.InitiativePage.typeInModal(InitiativePage.java:1785)\r\n\t... 29 more\r\n"},"stage":"finished","steps":[{"name":"Handle Modal as Overlay","status":"broken","statusDetails":{"known":false,"muted":false,"flaky":false,"message":"Failed to type in modal: Additional Comments","trace":"java.lang.RuntimeException: Failed to type in modal: Additional Comments\r\n\tat Pages.InitiativePage.typeInModal(InitiativePage.java:1811)\r\n\tat tests.InitiativeTest.handleModalAsOverlay(InitiativeTest.java:290)\r\n\tat tests.InitiativeTest.handleSubmitModalWithWindowHandling(InitiativeTest.java:220)\r\n\tat tests.InitiativeTest.TC_003(InitiativeTest.java:139)\r\n\tat java.base/jdk.internal.reflect.DirectMethodHandleAccessor.invoke(DirectMethodHandleAccessor.java:103)\r\n\tat java.base/java.lang.reflect.Method.invoke(Method.java:580)\r\n\tat org.testng.internal.invokers.MethodInvocationHelper.invokeMethod(MethodInvocationHelper.java:141)\r\n\tat org.testng.internal.invokers.TestInvoker.invokeMethod(TestInvoker.java:686)\r\n\tat org.testng.internal.invokers.TestInvoker.invokeTestMethod(TestInvoker.java:230)\r\n\tat org.testng.internal.invokers.MethodRunner.runInSequence(MethodRunner.java:63)\r\n\tat org.testng.internal.invokers.TestInvoker$MethodInvocationAgent.invoke(TestInvoker.java:992)\r\n\tat org.testng.internal.invokers.TestInvoker.invokeTestMethods(TestInvoker.java:203)\r\n\tat org.testng.internal.invokers.TestMethodWorker.invokeTestMethods(TestMethodWorker.java:154)\r\n\tat org.testng.internal.invokers.TestMethodWorker.run(TestMethodWorker.java:134)\r\n\tat java.base/java.util.ArrayList.forEach(ArrayList.java:1596)\r\n\tat org.testng.TestRunner.privateRun(TestRunner.java:739)\r\n\tat org.testng.TestRunner.run(TestRunner.java:614)\r\n\tat org.testng.SuiteRunner.runTest(SuiteRunner.java:421)\r\n\tat org.testng.SuiteRunner.runSequentially(SuiteRunner.java:413)\r\n\tat org.testng.SuiteRunner.privateRun(SuiteRunner.java:373)\r\n\tat org.testng.SuiteRunner.run(SuiteRunner.java:312)\r\n\tat org.testng.SuiteRunnerWorker.runSuite(SuiteRunnerWorker.java:52)\r\n\tat org.testng.SuiteRunnerWorker.run(SuiteRunnerWorker.java:95)\r\n\tat org.testng.TestNG.runSuitesSequentially(TestNG.java:1274)\r\n\tat org.testng.TestNG.runSuitesLocally(TestNG.java:1208)\r\n\tat org.testng.TestNG.runSuites(TestNG.java:1112)\r\n\tat org.testng.TestNG.run(TestNG.java:1079)\r\n\tat org.testng.remote.AbstractRemoteTestNG.run(AbstractRemoteTestNG.java:115)\r\n\tat org.testng.remote.RemoteTestNG.initAndRun(RemoteTestNG.java:293)\r\n\tat org.testng.remote.RemoteTestNG.main(RemoteTestNG.java:91)\r\nCaused by: org.openqa.selenium.TimeoutException: Expected condition failed: waiting for visibility of element located by By.xpath: //div[@class='ms-TextField-fieldGroup fieldGroup-204'] (tried for 40 second(s) with 500 milliseconds interval)\nBuild info: version: '4.25.0', revision: '8a8aea2337'\nSystem info: os.name: 'Windows 11', os.arch: 'amd64', os.version: '10.0', java.version: '21.0.8'\nDriver info: org.openqa.selenium.edge.EdgeDriver\nCapabilities {acceptInsecureCerts: false, browserName: MicrosoftEdge, browserVersion: 142.0.3595.53, fedcm:accounts: true, ms:edgeOptions: {debuggerAddress: localhost:59256}, msedge: {msedgedriverVersion: 141.0.3537.57 (edf1b001e567..., userDataDir: C:\\Users\\SAYALI~1.SUT\\AppDa...}, networkConnectionEnabled: false, pageLoadStrategy: normal, platformName: windows, proxy: Proxy(), se:cdp: ws://localhost:59256/devtoo..., se:cdpVersion: 142.0.3595.53, setWindowRect: true, strictFileInteractability: false, timeouts: {implicit: 0, pageLoad: 300000, script: 30000}, unhandledPromptBehavior: dismiss and notify, webauthn:extension:credBlob: true, webauthn:extension:largeBlob: true, webauthn:extension:minPinLength: true, webauthn:extension:prf: true, webauthn:virtualAuthenticators: true}\nSession ID: 624bb0fe34c3c956a1bcc7d77d9a7fe0\r\n\tat org.openqa.selenium.support.ui.WebDriverWait.timeoutException(WebDriverWait.java:84)\r\n\tat org.openqa.selenium.support.ui.FluentWait.until(FluentWait.java:228)\r\n\tat Actions.ActionEngine.waitForElementToBeVisible(ActionEngine.java:108)\r\n\tat Pages.InitiativePage.setAdditionalNotes(InitiativePage.java:284)\r\n\tat Pages.InitiativePage.typeInModal(InitiativePage.java:1785)\r\n\t... 29 more\r\n"},"stage":"finished","steps":[],"attachments":[],"parameters":[{"name":"notes","value":"Automation Testing Demo AI_thurs3"}],"start":1762327941456,"stop":1762327988201}],"attachments":[],"parameters":[{"name":"notes","value":"Automation Testing Demo AI_thurs3"}],"start":1762327939431,"stop":1762327988256}],"attachments":[],"parameters":[{"name":"arg3","value":"Tata Group"},{"name":"arg2","value":"Automation Testing Demo Description8"},{"name":"arg5","value":"Thu Sep 04 2025"},{"name":"arg4","value":"Tata Motors"},{"name":"arg1","value":"Automation Testing Demo AI_25"},{"name":"arg0","value":"Full Change Lifecycle"},{"name":"arg7","value":"Automation Testing Demo AI_thurs3"},{"name":"arg6","value":"Tue Nov 04 2025"}],"start":1762327878282,"stop":1762327988268}