{"uuid":"c40e96f8-34dc-4693-909f-3f7ec0ab2c88","historyId":"be128b199f1f83681673db255b46dafa","fullName":"tests.InitiativeTest.TC_003","labels":[{"name":"package","value":"tests.InitiativeTest"},{"name":"testClass","value":"tests.InitiativeTest"},{"name":"testMethod","value":"TC_003"},{"name":"parentSuite","value":"Default suite"},{"name":"suite","value":"Default test"},{"name":"subSuite","value":"tests.InitiativeTest"},{"name":"host","value":"LSSLAP-032"},{"name":"thread","value":"13440@LSSLAP-032.main(1)"},{"name":"framework","value":"testng"},{"name":"language","value":"java"},{"name":"story","value":"Initiative Creation"},{"name":"feature","value":"Initiative Operations"},{"name":"epic","value":"Initiative Management"},{"name":"severity","value":"critical"}],"links":[],"name":"TC_003","status":"broken","statusDetails":{"known":false,"muted":false,"flaky":false,"message":"Failed to click in modal: Submit Button","trace":"java.lang.RuntimeException: Failed to click in modal: Submit Button\r\n\tat Pages.InitiativePage.clickElementInModal(InitiativePage.java:2277)\r\n\tat tests.InitiativeTest.handleModalAsOverlay(InitiativeTest.java:302)\r\n\tat tests.InitiativeTest.handleSubmitModalWithWindowHandling(InitiativeTest.java:220)\r\n\tat tests.InitiativeTest.TC_003(InitiativeTest.java:139)\r\n\tat java.base/jdk.internal.reflect.DirectMethodHandleAccessor.invoke(DirectMethodHandleAccessor.java:103)\r\n\tat java.base/java.lang.reflect.Method.invoke(Method.java:580)\r\n\tat org.testng.internal.invokers.MethodInvocationHelper.invokeMethod(MethodInvocationHelper.java:141)\r\n\tat org.testng.internal.invokers.TestInvoker.invokeMethod(TestInvoker.java:686)\r\n\tat org.testng.internal.invokers.TestInvoker.invokeTestMethod(TestInvoker.java:230)\r\n\tat org.testng.internal.invokers.MethodRunner.runInSequence(MethodRunner.java:63)\r\n\tat org.testng.internal.invokers.TestInvoker$MethodInvocationAgent.invoke(TestInvoker.java:992)\r\n\tat org.testng.internal.invokers.TestInvoker.invokeTestMethods(TestInvoker.java:203)\r\n\tat org.testng.internal.invokers.TestMethodWorker.invokeTestMethods(TestMethodWorker.java:154)\r\n\tat org.testng.internal.invokers.TestMethodWorker.run(TestMethodWorker.java:134)\r\n\tat java.base/java.util.ArrayList.forEach(ArrayList.java:1596)\r\n\tat org.testng.TestRunner.privateRun(TestRunner.java:739)\r\n\tat org.testng.TestRunner.run(TestRunner.java:614)\r\n\tat org.testng.SuiteRunner.runTest(SuiteRunner.java:421)\r\n\tat org.testng.SuiteRunner.runSequentially(SuiteRunner.java:413)\r\n\tat org.testng.SuiteRunner.privateRun(SuiteRunner.java:373)\r\n\tat org.testng.SuiteRunner.run(SuiteRunner.java:312)\r\n\tat org.testng.SuiteRunnerWorker.runSuite(SuiteRunnerWorker.java:52)\r\n\tat org.testng.SuiteRunnerWorker.run(SuiteRunnerWorker.java:95)\r\n\tat org.testng.TestNG.runSuitesSequentially(TestNG.java:1274)\r\n\tat org.testng.TestNG.runSuitesLocally(TestNG.java:1208)\r\n\tat org.testng.TestNG.runSuites(TestNG.java:1112)\r\n\tat org.testng.TestNG.run(TestNG.java:1079)\r\n\tat org.testng.remote.AbstractRemoteTestNG.run(AbstractRemoteTestNG.java:115)\r\n\tat org.testng.remote.RemoteTestNG.initAndRun(RemoteTestNG.java:293)\r\n\tat org.testng.remote.RemoteTestNG.main(RemoteTestNG.java:91)\r\nCaused by: org.openqa.selenium.TimeoutException: Expected condition failed: waiting for element to be clickable: By.xpath: //span[@id='id__296'] (tried for 20 second(s) with 500 milliseconds interval)\nBuild info: version: '4.25.0', revision: '8a8aea2337'\nSystem info: os.name: 'Windows 11', os.arch: 'amd64', os.version: '10.0', java.version: '21.0.8'\nDriver info: org.openqa.selenium.edge.EdgeDriver\nCapabilities {acceptInsecureCerts: false, browserName: MicrosoftEdge, browserVersion: 142.0.3595.53, fedcm:accounts: true, ms:edgeOptions: {debuggerAddress: localhost:52639}, msedge: {msedgedriverVersion: 141.0.3537.57 (edf1b001e567..., userDataDir: C:\\Users\\SAYALI~1.SUT\\AppDa...}, networkConnectionEnabled: false, pageLoadStrategy: normal, platformName: windows, proxy: Proxy(), se:cdp: ws://localhost:52639/devtoo..., se:cdpVersion: 142.0.3595.53, setWindowRect: true, strictFileInteractability: false, timeouts: {implicit: 0, pageLoad: 300000, script: 30000}, unhandledPromptBehavior: dismiss and notify, webauthn:extension:credBlob: true, webauthn:extension:largeBlob: true, webauthn:extension:minPinLength: true, webauthn:extension:prf: true, webauthn:virtualAuthenticators: true}\nSession ID: bd93df4bb15606782a7a5fba0d1845fd\r\n\tat org.openqa.selenium.support.ui.WebDriverWait.timeoutException(WebDriverWait.java:84)\r\n\tat org.openqa.selenium.support.ui.FluentWait.until(FluentWait.java:228)\r\n\tat Pages.InitiativePage.clickElementInModal(InitiativePage.java:2251)\r\n\t... 29 more\r\n"},"stage":"finished","description":"TC_003 - Create New Initiative with Window Handle Management","steps":[{"name":"Store Parent Window","status":"passed","stage":"finished","steps":[],"attachments":[],"parameters":[],"start":1762500057078,"stop":1762500057105},{"name":"Navigate to Initiative Page","status":"passed","stage":"finished","steps":[],"attachments":[],"parameters":[],"start":1762500057105,"stop":1762500069887},{"name":"Click Initiative Before Add","status":"passed","stage":"finished","steps":[],"attachments":[],"parameters":[],"start":1762500069887,"stop":1762500073062},{"name":"Click Add Button","status":"passed","stage":"finished","steps":[],"attachments":[],"parameters":[],"start":1762500073062,"stop":1762500073256},{"name":"Select Nature of Initiative: Full Change Lifecycle","status":"passed","stage":"finished","steps":[],"attachments":[],"parameters":[{"name":"noi","value":"Full Change Lifecycle"}],"start":1762500073257,"stop":1762500073947},{"name":"Fill Initiative Details - Title: Automation Testing Demo AI_40, BG: Tata Group, OU: Tata Motors","status":"passed","stage":"finished","steps":[],"attachments":[],"parameters":[{"name":"title","value":"Automation Testing Demo AI_40"},{"name":"description","value":"Automation Testing Demo Description8"},{"name":"bg","value":"Tata Group"},{"name":"ou","value":"Tata Motors"},{"name":"startdate","value":"Thu Sep 04 2025"},{"name":"enddate","value":"Tue Nov 04 2025"}],"start":1762500073947,"stop":1762500095324},{"name":"Save Draft and Submit Initiative","status":"passed","stage":"finished","steps":[],"attachments":[],"parameters":[],"start":1762500095324,"stop":1762500108843},{"name":"Handle Submit Modal with Window Handling","status":"broken","statusDetails":{"known":false,"muted":false,"flaky":false,"message":"Failed to click in modal: Submit Button","trace":"java.lang.RuntimeException: Failed to click in modal: Submit Button\r\n\tat Pages.InitiativePage.clickElementInModal(InitiativePage.java:2277)\r\n\tat tests.InitiativeTest.handleModalAsOverlay(InitiativeTest.java:302)\r\n\tat tests.InitiativeTest.handleSubmitModalWithWindowHandling(InitiativeTest.java:220)\r\n\tat tests.InitiativeTest.TC_003(InitiativeTest.java:139)\r\n\tat java.base/jdk.internal.reflect.DirectMethodHandleAccessor.invoke(DirectMethodHandleAccessor.java:103)\r\n\tat java.base/java.lang.reflect.Method.invoke(Method.java:580)\r\n\tat org.testng.internal.invokers.MethodInvocationHelper.invokeMethod(MethodInvocationHelper.java:141)\r\n\tat org.testng.internal.invokers.TestInvoker.invokeMethod(TestInvoker.java:686)\r\n\tat org.testng.internal.invokers.TestInvoker.invokeTestMethod(TestInvoker.java:230)\r\n\tat org.testng.internal.invokers.MethodRunner.runInSequence(MethodRunner.java:63)\r\n\tat org.testng.internal.invokers.TestInvoker$MethodInvocationAgent.invoke(TestInvoker.java:992)\r\n\tat org.testng.internal.invokers.TestInvoker.invokeTestMethods(TestInvoker.java:203)\r\n\tat org.testng.internal.invokers.TestMethodWorker.invokeTestMethods(TestMethodWorker.java:154)\r\n\tat org.testng.internal.invokers.TestMethodWorker.run(TestMethodWorker.java:134)\r\n\tat java.base/java.util.ArrayList.forEach(ArrayList.java:1596)\r\n\tat org.testng.TestRunner.privateRun(TestRunner.java:739)\r\n\tat org.testng.TestRunner.run(TestRunner.java:614)\r\n\tat org.testng.SuiteRunner.runTest(SuiteRunner.java:421)\r\n\tat org.testng.SuiteRunner.runSequentially(SuiteRunner.java:413)\r\n\tat org.testng.SuiteRunner.privateRun(SuiteRunner.java:373)\r\n\tat org.testng.SuiteRunner.run(SuiteRunner.java:312)\r\n\tat org.testng.SuiteRunnerWorker.runSuite(SuiteRunnerWorker.java:52)\r\n\tat org.testng.SuiteRunnerWorker.run(SuiteRunnerWorker.java:95)\r\n\tat org.testng.TestNG.runSuitesSequentially(TestNG.java:1274)\r\n\tat org.testng.TestNG.runSuitesLocally(TestNG.java:1208)\r\n\tat org.testng.TestNG.runSuites(TestNG.java:1112)\r\n\tat org.testng.TestNG.run(TestNG.java:1079)\r\n\tat org.testng.remote.AbstractRemoteTestNG.run(AbstractRemoteTestNG.java:115)\r\n\tat org.testng.remote.RemoteTestNG.initAndRun(RemoteTestNG.java:293)\r\n\tat org.testng.remote.RemoteTestNG.main(RemoteTestNG.java:91)\r\nCaused by: org.openqa.selenium.TimeoutException: Expected condition failed: waiting for element to be clickable: By.xpath: //span[@id='id__296'] (tried for 20 second(s) with 500 milliseconds interval)\nBuild info: version: '4.25.0', revision: '8a8aea2337'\nSystem info: os.name: 'Windows 11', os.arch: 'amd64', os.version: '10.0', java.version: '21.0.8'\nDriver info: org.openqa.selenium.edge.EdgeDriver\nCapabilities {acceptInsecureCerts: false, browserName: MicrosoftEdge, browserVersion: 142.0.3595.53, fedcm:accounts: true, ms:edgeOptions: {debuggerAddress: localhost:52639}, msedge: {msedgedriverVersion: 141.0.3537.57 (edf1b001e567..., userDataDir: C:\\Users\\SAYALI~1.SUT\\AppDa...}, networkConnectionEnabled: false, pageLoadStrategy: normal, platformName: windows, proxy: Proxy(), se:cdp: ws://localhost:52639/devtoo..., se:cdpVersion: 142.0.3595.53, setWindowRect: true, strictFileInteractability: false, timeouts: {implicit: 0, pageLoad: 300000, script: 30000}, unhandledPromptBehavior: dismiss and notify, webauthn:extension:credBlob: true, webauthn:extension:largeBlob: true, webauthn:extension:minPinLength: true, webauthn:extension:prf: true, webauthn:virtualAuthenticators: true}\nSession ID: bd93df4bb15606782a7a5fba0d1845fd\r\n\tat org.openqa.selenium.support.ui.WebDriverWait.timeoutException(WebDriverWait.java:84)\r\n\tat org.openqa.selenium.support.ui.FluentWait.until(FluentWait.java:228)\r\n\tat Pages.InitiativePage.clickElementInModal(InitiativePage.java:2251)\r\n\t... 29 more\r\n"},"stage":"finished","steps":[{"name":"Handle Modal as Overlay","status":"broken","statusDetails":{"known":false,"muted":false,"flaky":false,"message":"Failed to click in modal: Submit Button","trace":"java.lang.RuntimeException: Failed to click in modal: Submit Button\r\n\tat Pages.InitiativePage.clickElementInModal(InitiativePage.java:2277)\r\n\tat tests.InitiativeTest.handleModalAsOverlay(InitiativeTest.java:302)\r\n\tat tests.InitiativeTest.handleSubmitModalWithWindowHandling(InitiativeTest.java:220)\r\n\tat tests.InitiativeTest.TC_003(InitiativeTest.java:139)\r\n\tat java.base/jdk.internal.reflect.DirectMethodHandleAccessor.invoke(DirectMethodHandleAccessor.java:103)\r\n\tat java.base/java.lang.reflect.Method.invoke(Method.java:580)\r\n\tat org.testng.internal.invokers.MethodInvocationHelper.invokeMethod(MethodInvocationHelper.java:141)\r\n\tat org.testng.internal.invokers.TestInvoker.invokeMethod(TestInvoker.java:686)\r\n\tat org.testng.internal.invokers.TestInvoker.invokeTestMethod(TestInvoker.java:230)\r\n\tat org.testng.internal.invokers.MethodRunner.runInSequence(MethodRunner.java:63)\r\n\tat org.testng.internal.invokers.TestInvoker$MethodInvocationAgent.invoke(TestInvoker.java:992)\r\n\tat org.testng.internal.invokers.TestInvoker.invokeTestMethods(TestInvoker.java:203)\r\n\tat org.testng.internal.invokers.TestMethodWorker.invokeTestMethods(TestMethodWorker.java:154)\r\n\tat org.testng.internal.invokers.TestMethodWorker.run(TestMethodWorker.java:134)\r\n\tat java.base/java.util.ArrayList.forEach(ArrayList.java:1596)\r\n\tat org.testng.TestRunner.privateRun(TestRunner.java:739)\r\n\tat org.testng.TestRunner.run(TestRunner.java:614)\r\n\tat org.testng.SuiteRunner.runTest(SuiteRunner.java:421)\r\n\tat org.testng.SuiteRunner.runSequentially(SuiteRunner.java:413)\r\n\tat org.testng.SuiteRunner.privateRun(SuiteRunner.java:373)\r\n\tat org.testng.SuiteRunner.run(SuiteRunner.java:312)\r\n\tat org.testng.SuiteRunnerWorker.runSuite(SuiteRunnerWorker.java:52)\r\n\tat org.testng.SuiteRunnerWorker.run(SuiteRunnerWorker.java:95)\r\n\tat org.testng.TestNG.runSuitesSequentially(TestNG.java:1274)\r\n\tat org.testng.TestNG.runSuitesLocally(TestNG.java:1208)\r\n\tat org.testng.TestNG.runSuites(TestNG.java:1112)\r\n\tat org.testng.TestNG.run(TestNG.java:1079)\r\n\tat org.testng.remote.AbstractRemoteTestNG.run(AbstractRemoteTestNG.java:115)\r\n\tat org.testng.remote.RemoteTestNG.initAndRun(RemoteTestNG.java:293)\r\n\tat org.testng.remote.RemoteTestNG.main(RemoteTestNG.java:91)\r\nCaused by: org.openqa.selenium.TimeoutException: Expected condition failed: waiting for element to be clickable: By.xpath: //span[@id='id__296'] (tried for 20 second(s) with 500 milliseconds interval)\nBuild info: version: '4.25.0', revision: '8a8aea2337'\nSystem info: os.name: 'Windows 11', os.arch: 'amd64', os.version: '10.0', java.version: '21.0.8'\nDriver info: org.openqa.selenium.edge.EdgeDriver\nCapabilities {acceptInsecureCerts: false, browserName: MicrosoftEdge, browserVersion: 142.0.3595.53, fedcm:accounts: true, ms:edgeOptions: {debuggerAddress: localhost:52639}, msedge: {msedgedriverVersion: 141.0.3537.57 (edf1b001e567..., userDataDir: C:\\Users\\SAYALI~1.SUT\\AppDa...}, networkConnectionEnabled: false, pageLoadStrategy: normal, platformName: windows, proxy: Proxy(), se:cdp: ws://localhost:52639/devtoo..., se:cdpVersion: 142.0.3595.53, setWindowRect: true, strictFileInteractability: false, timeouts: {implicit: 0, pageLoad: 300000, script: 30000}, unhandledPromptBehavior: dismiss and notify, webauthn:extension:credBlob: true, webauthn:extension:largeBlob: true, webauthn:extension:minPinLength: true, webauthn:extension:prf: true, webauthn:virtualAuthenticators: true}\nSession ID: bd93df4bb15606782a7a5fba0d1845fd\r\n\tat org.openqa.selenium.support.ui.WebDriverWait.timeoutException(WebDriverWait.java:84)\r\n\tat org.openqa.selenium.support.ui.FluentWait.until(FluentWait.java:228)\r\n\tat Pages.InitiativePage.clickElementInModal(InitiativePage.java:2251)\r\n\t... 29 more\r\n"},"stage":"finished","steps":[],"attachments":[],"parameters":[{"name":"notes","value":"Automation Testing Demo AI_thurs3"}],"start":1762500110906,"stop":1762500147254}],"attachments":[],"parameters":[{"name":"notes","value":"Automation Testing Demo AI_thurs3"}],"start":1762500108844,"stop":1762500147279}],"attachments":[],"parameters":[{"name":"arg3","value":"Tata Group"},{"name":"arg2","value":"Automation Testing Demo Description8"},{"name":"arg5","value":"Thu Sep 04 2025"},{"name":"arg4","value":"Tata Motors"},{"name":"arg1","value":"Automation Testing Demo AI_40"},{"name":"arg0","value":"Full Change Lifecycle"},{"name":"arg7","value":"Automation Testing Demo AI_thurs3"},{"name":"arg6","value":"Tue Nov 04 2025"}],"start":1762500057035,"stop":1762500147286}