<?xml version="1.0" encoding="UTF-8"?>
<!-- Generated by org.testng.reporters.JUnitXMLReporter -->
<testsuite ignored="0" hostname="LSSLAP-025" failures="0" tests="1" name="Initiative Tests" time="12.393" errors="0" timestamp="2025-04-10T10:59:57 IST">
  <testcase classname="Base.BaseTest" name="@BeforeTest startReport" time="0.046">
    <failure type="java.lang.NoSuchMethodError" message="&amp;apos;void com.aventstack.extentreports.ExtentReports.attachReporter(com.aventstack.extentreports.observer.ExtentObserver[])&amp;apos;">
      <![CDATA[java.lang.NoSuchMethodError: 'void com.aventstack.extentreports.ExtentReports.attachReporter(com.aventstack.extentreports.observer.ExtentObserver[])'
at Base.BaseTest.startReport(BaseTest.java:109)
... Removed 22 stack frames]]>
    </failure>
  </testcase> <!-- @BeforeTest startReport -->
  <testcase classname="Base.BaseTest" name="@AfterTest endReport" time="0.001">
    <failure type="java.lang.IllegalStateException" message="No reporters were started. Atleast 1 reporter must be started to flush results.">
      <![CDATA[java.lang.IllegalStateException: No reporters were started. Atleast 1 reporter must be started to flush results.
at com.aventstack.extentreports.Report.flush(Report.java:182)
at com.aventstack.extentreports.ExtentReports.flush(ExtentReports.java:281)
at Base.BaseTest.endReport(BaseTest.java:115)
... Removed 22 stack frames]]>
    </failure>
  </testcase> <!-- @AfterTest endReport -->
  <testcase classname="tests.InitiativeTest" name="loginAndVerifyInitiativePageNavigation" time="0.0">
    <skipped/>
  </testcase> <!-- loginAndVerifyInitiativePageNavigation -->
</testsuite> <!-- Initiative Tests -->
